This is pdfTeX, Version 3.14159265-2.6-1.40.18 (MiKTeX 2.9.6300 64-bit) (preloaded format=pdflatex 2017.5.11)  12 MAY 2017 00:22
entering extended mode
**"./TESI NON CANCELLARE.tex"
("TESI NON CANCELLARE.tex"
LaTeX2e <2017-04-15>
Babel <3.9r> and hyphenation patterns for 75 language(s) loaded.

("C:\Users\Vincenzo Caccavale\AppData\Local\Programs\MiKTeX 2.9\tex\latex\base\
book.cls"
Document Class: book 2014/09/29 v1.4h Standard LaTeX document class

("C:\Users\Vincenzo Caccavale\AppData\Local\Programs\MiKTeX 2.9\tex\latex\base\
bk12.clo"
File: bk12.clo 2014/09/29 v1.4h Standard LaTeX file (size option)
)
\c@part=\count79
\c@chapter=\count80
\c@section=\count81
\c@subsection=\count82
\c@subsubsection=\count83
\c@paragraph=\count84
\c@subparagraph=\count85
\c@figure=\count86
\c@table=\count87
\abovecaptionskip=\skip41
\belowcaptionskip=\skip42
\bibindent=\dimen102
)
("C:\Users\Vincenzo Caccavale\AppData\Local\Programs\MiKTeX 2.9\tex\generic\bab
el\babel.sty"
Package: babel 2016/04/23 3.9r The Babel package

*************************************
* Local config file bblopts.cfg used
*

("C:\Users\Vincenzo Caccavale\AppData\Local\Programs\MiKTeX 2.9\tex\latex\arabi
\bblopts.cfg"
File: bblopts.cfg 2005/09/08 v0.1 add Arabic and Farsi to "declared" options of
 babel
)
("C:\Users\Vincenzo Caccavale\AppData\Local\Programs\MiKTeX 2.9\tex\latex\babel
-italian\italian.ldf"
Language: italian 2015/03/26 v1.3n Italian support from the babel system

("C:\Users\Vincenzo Caccavale\AppData\Local\Programs\MiKTeX 2.9\tex\generic\bab
el\babel.def"
File: babel.def 2016/04/23 3.9r Babel common definitions
\babel@savecnt=\count88
\U@D=\dimen103
)
\it@lettering=\count89
\it@doublequoteactive=\count90
\it@ISOcompliance=\count91
))
("C:\Users\Vincenzo Caccavale\AppData\Local\Programs\MiKTeX 2.9\tex\latex\etool
box\etoolbox.sty"
Package: etoolbox 2017/01/02 v2.4 e-TeX tools for LaTeX (JAW)
\etb@tempcnta=\count92
)
("C:\Users\Vincenzo Caccavale\AppData\Local\Programs\MiKTeX 2.9\tex\latex\base\
inputenc.sty"
Package: inputenc 2015/03/17 v1.2c Input encoding file
\inpenc@prehook=\toks14
\inpenc@posthook=\toks15

("C:\Users\Vincenzo Caccavale\AppData\Local\Programs\MiKTeX 2.9\tex\latex\base\
UTF8.def"
File: utf8.def 2017/01/28 v1.1t UTF-8 support for inputenc
Now handling font encoding OML ...
... no UTF-8 mapping file for font encoding OML
Now handling font encoding T1 ...
... processing UTF-8 mapping file for font encoding T1

("C:\Users\Vincenzo Caccavale\AppData\Local\Programs\MiKTeX 2.9\tex\latex\base\
t1enc.dfu"
File: t1enc.dfu 2017/01/28 v1.1t UTF-8 support for inputenc
   defining Unicode char U+00A0 (decimal 160)
   defining Unicode char U+00A1 (decimal 161)
   defining Unicode char U+00A3 (decimal 163)
   defining Unicode char U+00AB (decimal 171)
   defining Unicode char U+00AD (decimal 173)
   defining Unicode char U+00BB (decimal 187)
   defining Unicode char U+00BF (decimal 191)
   defining Unicode char U+00C0 (decimal 192)
   defining Unicode char U+00C1 (decimal 193)
   defining Unicode char U+00C2 (decimal 194)
   defining Unicode char U+00C3 (decimal 195)
   defining Unicode char U+00C4 (decimal 196)
   defining Unicode char U+00C5 (decimal 197)
   defining Unicode char U+00C6 (decimal 198)
   defining Unicode char U+00C7 (decimal 199)
   defining Unicode char U+00C8 (decimal 200)
   defining Unicode char U+00C9 (decimal 201)
   defining Unicode char U+00CA (decimal 202)
   defining Unicode char U+00CB (decimal 203)
   defining Unicode char U+00CC (decimal 204)
   defining Unicode char U+00CD (decimal 205)
   defining Unicode char U+00CE (decimal 206)
   defining Unicode char U+00CF (decimal 207)
   defining Unicode char U+00D0 (decimal 208)
   defining Unicode char U+00D1 (decimal 209)
   defining Unicode char U+00D2 (decimal 210)
   defining Unicode char U+00D3 (decimal 211)
   defining Unicode char U+00D4 (decimal 212)
   defining Unicode char U+00D5 (decimal 213)
   defining Unicode char U+00D6 (decimal 214)
   defining Unicode char U+00D8 (decimal 216)
   defining Unicode char U+00D9 (decimal 217)
   defining Unicode char U+00DA (decimal 218)
   defining Unicode char U+00DB (decimal 219)
   defining Unicode char U+00DC (decimal 220)
   defining Unicode char U+00DD (decimal 221)
   defining Unicode char U+00DE (decimal 222)
   defining Unicode char U+00DF (decimal 223)
   defining Unicode char U+00E0 (decimal 224)
   defining Unicode char U+00E1 (decimal 225)
   defining Unicode char U+00E2 (decimal 226)
   defining Unicode char U+00E3 (decimal 227)
   defining Unicode char U+00E4 (decimal 228)
   defining Unicode char U+00E5 (decimal 229)
   defining Unicode char U+00E6 (decimal 230)
   defining Unicode char U+00E7 (decimal 231)
   defining Unicode char U+00E8 (decimal 232)
   defining Unicode char U+00E9 (decimal 233)
   defining Unicode char U+00EA (decimal 234)
   defining Unicode char U+00EB (decimal 235)
   defining Unicode char U+00EC (decimal 236)
   defining Unicode char U+00ED (decimal 237)
   defining Unicode char U+00EE (decimal 238)
   defining Unicode char U+00EF (decimal 239)
   defining Unicode char U+00F0 (decimal 240)
   defining Unicode char U+00F1 (decimal 241)
   defining Unicode char U+00F2 (decimal 242)
   defining Unicode char U+00F3 (decimal 243)
   defining Unicode char U+00F4 (decimal 244)
   defining Unicode char U+00F5 (decimal 245)
   defining Unicode char U+00F6 (decimal 246)
   defining Unicode char U+00F8 (decimal 248)
   defining Unicode char U+00F9 (decimal 249)
   defining Unicode char U+00FA (decimal 250)
   defining Unicode char U+00FB (decimal 251)
   defining Unicode char U+00FC (decimal 252)
   defining Unicode char U+00FD (decimal 253)
   defining Unicode char U+00FE (decimal 254)
   defining Unicode char U+00FF (decimal 255)
   defining Unicode char U+0100 (decimal 256)
   defining Unicode char U+0101 (decimal 257)
   defining Unicode char U+0102 (decimal 258)
   defining Unicode char U+0103 (decimal 259)
   defining Unicode char U+0104 (decimal 260)
   defining Unicode char U+0105 (decimal 261)
   defining Unicode char U+0106 (decimal 262)
   defining Unicode char U+0107 (decimal 263)
   defining Unicode char U+0108 (decimal 264)
   defining Unicode char U+0109 (decimal 265)
   defining Unicode char U+010A (decimal 266)
   defining Unicode char U+010B (decimal 267)
   defining Unicode char U+010C (decimal 268)
   defining Unicode char U+010D (decimal 269)
   defining Unicode char U+010E (decimal 270)
   defining Unicode char U+010F (decimal 271)
   defining Unicode char U+0110 (decimal 272)
   defining Unicode char U+0111 (decimal 273)
   defining Unicode char U+0112 (decimal 274)
   defining Unicode char U+0113 (decimal 275)
   defining Unicode char U+0114 (decimal 276)
   defining Unicode char U+0115 (decimal 277)
   defining Unicode char U+0116 (decimal 278)
   defining Unicode char U+0117 (decimal 279)
   defining Unicode char U+0118 (decimal 280)
   defining Unicode char U+0119 (decimal 281)
   defining Unicode char U+011A (decimal 282)
   defining Unicode char U+011B (decimal 283)
   defining Unicode char U+011C (decimal 284)
   defining Unicode char U+011D (decimal 285)
   defining Unicode char U+011E (decimal 286)
   defining Unicode char U+011F (decimal 287)
   defining Unicode char U+0120 (decimal 288)
   defining Unicode char U+0121 (decimal 289)
   defining Unicode char U+0122 (decimal 290)
   defining Unicode char U+0123 (decimal 291)
   defining Unicode char U+0124 (decimal 292)
   defining Unicode char U+0125 (decimal 293)
   defining Unicode char U+0128 (decimal 296)
   defining Unicode char U+0129 (decimal 297)
   defining Unicode char U+012A (decimal 298)
   defining Unicode char U+012B (decimal 299)
   defining Unicode char U+012C (decimal 300)
   defining Unicode char U+012D (decimal 301)
   defining Unicode char U+012E (decimal 302)
   defining Unicode char U+012F (decimal 303)
   defining Unicode char U+0130 (decimal 304)
   defining Unicode char U+0131 (decimal 305)
   defining Unicode char U+0132 (decimal 306)
   defining Unicode char U+0133 (decimal 307)
   defining Unicode char U+0134 (decimal 308)
   defining Unicode char U+0135 (decimal 309)
   defining Unicode char U+0136 (decimal 310)
   defining Unicode char U+0137 (decimal 311)
   defining Unicode char U+0139 (decimal 313)
   defining Unicode char U+013A (decimal 314)
   defining Unicode char U+013B (decimal 315)
   defining Unicode char U+013C (decimal 316)
   defining Unicode char U+013D (decimal 317)
   defining Unicode char U+013E (decimal 318)
   defining Unicode char U+0141 (decimal 321)
   defining Unicode char U+0142 (decimal 322)
   defining Unicode char U+0143 (decimal 323)
   defining Unicode char U+0144 (decimal 324)
   defining Unicode char U+0145 (decimal 325)
   defining Unicode char U+0146 (decimal 326)
   defining Unicode char U+0147 (decimal 327)
   defining Unicode char U+0148 (decimal 328)
   defining Unicode char U+014A (decimal 330)
   defining Unicode char U+014B (decimal 331)
   defining Unicode char U+014C (decimal 332)
   defining Unicode char U+014D (decimal 333)
   defining Unicode char U+014E (decimal 334)
   defining Unicode char U+014F (decimal 335)
   defining Unicode char U+0150 (decimal 336)
   defining Unicode char U+0151 (decimal 337)
   defining Unicode char U+0152 (decimal 338)
   defining Unicode char U+0153 (decimal 339)
   defining Unicode char U+0154 (decimal 340)
   defining Unicode char U+0155 (decimal 341)
   defining Unicode char U+0156 (decimal 342)
   defining Unicode char U+0157 (decimal 343)
   defining Unicode char U+0158 (decimal 344)
   defining Unicode char U+0159 (decimal 345)
   defining Unicode char U+015A (decimal 346)
   defining Unicode char U+015B (decimal 347)
   defining Unicode char U+015C (decimal 348)
   defining Unicode char U+015D (decimal 349)
   defining Unicode char U+015E (decimal 350)
   defining Unicode char U+015F (decimal 351)
   defining Unicode char U+0160 (decimal 352)
   defining Unicode char U+0161 (decimal 353)
   defining Unicode char U+0162 (decimal 354)
   defining Unicode char U+0163 (decimal 355)
   defining Unicode char U+0164 (decimal 356)
   defining Unicode char U+0165 (decimal 357)
   defining Unicode char U+0168 (decimal 360)
   defining Unicode char U+0169 (decimal 361)
   defining Unicode char U+016A (decimal 362)
   defining Unicode char U+016B (decimal 363)
   defining Unicode char U+016C (decimal 364)
   defining Unicode char U+016D (decimal 365)
   defining Unicode char U+016E (decimal 366)
   defining Unicode char U+016F (decimal 367)
   defining Unicode char U+0170 (decimal 368)
   defining Unicode char U+0171 (decimal 369)
   defining Unicode char U+0172 (decimal 370)
   defining Unicode char U+0173 (decimal 371)
   defining Unicode char U+0174 (decimal 372)
   defining Unicode char U+0175 (decimal 373)
   defining Unicode char U+0176 (decimal 374)
   defining Unicode char U+0177 (decimal 375)
   defining Unicode char U+0178 (decimal 376)
   defining Unicode char U+0179 (decimal 377)
   defining Unicode char U+017A (decimal 378)
   defining Unicode char U+017B (decimal 379)
   defining Unicode char U+017C (decimal 380)
   defining Unicode char U+017D (decimal 381)
   defining Unicode char U+017E (decimal 382)
   defining Unicode char U+01CD (decimal 461)
   defining Unicode char U+01CE (decimal 462)
   defining Unicode char U+01CF (decimal 463)
   defining Unicode char U+01D0 (decimal 464)
   defining Unicode char U+01D1 (decimal 465)
   defining Unicode char U+01D2 (decimal 466)
   defining Unicode char U+01D3 (decimal 467)
   defining Unicode char U+01D4 (decimal 468)
   defining Unicode char U+01E2 (decimal 482)
   defining Unicode char U+01E3 (decimal 483)
   defining Unicode char U+01E6 (decimal 486)
   defining Unicode char U+01E7 (decimal 487)
   defining Unicode char U+01E8 (decimal 488)
   defining Unicode char U+01E9 (decimal 489)
   defining Unicode char U+01EA (decimal 490)
   defining Unicode char U+01EB (decimal 491)
   defining Unicode char U+01F0 (decimal 496)
   defining Unicode char U+01F4 (decimal 500)
   defining Unicode char U+01F5 (decimal 501)
   defining Unicode char U+0218 (decimal 536)
   defining Unicode char U+0219 (decimal 537)
   defining Unicode char U+021A (decimal 538)
   defining Unicode char U+021B (decimal 539)
   defining Unicode char U+0232 (decimal 562)
   defining Unicode char U+0233 (decimal 563)
   defining Unicode char U+1E02 (decimal 7682)
   defining Unicode char U+1E03 (decimal 7683)
   defining Unicode char U+200C (decimal 8204)
   defining Unicode char U+2010 (decimal 8208)
   defining Unicode char U+2011 (decimal 8209)
   defining Unicode char U+2012 (decimal 8210)
   defining Unicode char U+2013 (decimal 8211)
   defining Unicode char U+2014 (decimal 8212)
   defining Unicode char U+2015 (decimal 8213)
   defining Unicode char U+2018 (decimal 8216)
   defining Unicode char U+2019 (decimal 8217)
   defining Unicode char U+201A (decimal 8218)
   defining Unicode char U+201C (decimal 8220)
   defining Unicode char U+201D (decimal 8221)
   defining Unicode char U+201E (decimal 8222)
   defining Unicode char U+2030 (decimal 8240)
   defining Unicode char U+2031 (decimal 8241)
   defining Unicode char U+2039 (decimal 8249)
   defining Unicode char U+203A (decimal 8250)
   defining Unicode char U+2423 (decimal 9251)
   defining Unicode char U+1E20 (decimal 7712)
   defining Unicode char U+1E21 (decimal 7713)
)
Now handling font encoding OT1 ...
... processing UTF-8 mapping file for font encoding OT1

("C:\Users\Vincenzo Caccavale\AppData\Local\Programs\MiKTeX 2.9\tex\latex\base\
ot1enc.dfu"
File: ot1enc.dfu 2017/01/28 v1.1t UTF-8 support for inputenc
   defining Unicode char U+00A0 (decimal 160)
   defining Unicode char U+00A1 (decimal 161)
   defining Unicode char U+00A3 (decimal 163)
   defining Unicode char U+00AD (decimal 173)
   defining Unicode char U+00B8 (decimal 184)
   defining Unicode char U+00BF (decimal 191)
   defining Unicode char U+00C5 (decimal 197)
   defining Unicode char U+00C6 (decimal 198)
   defining Unicode char U+00D8 (decimal 216)
   defining Unicode char U+00DF (decimal 223)
   defining Unicode char U+00E6 (decimal 230)
   defining Unicode char U+00EC (decimal 236)
   defining Unicode char U+00ED (decimal 237)
   defining Unicode char U+00EE (decimal 238)
   defining Unicode char U+00EF (decimal 239)
   defining Unicode char U+00F8 (decimal 248)
   defining Unicode char U+0131 (decimal 305)
   defining Unicode char U+0141 (decimal 321)
   defining Unicode char U+0142 (decimal 322)
   defining Unicode char U+0152 (decimal 338)
   defining Unicode char U+0153 (decimal 339)
   defining Unicode char U+0174 (decimal 372)
   defining Unicode char U+0175 (decimal 373)
   defining Unicode char U+0176 (decimal 374)
   defining Unicode char U+0177 (decimal 375)
   defining Unicode char U+0218 (decimal 536)
   defining Unicode char U+0219 (decimal 537)
   defining Unicode char U+021A (decimal 538)
   defining Unicode char U+021B (decimal 539)
   defining Unicode char U+2013 (decimal 8211)
   defining Unicode char U+2014 (decimal 8212)
   defining Unicode char U+2018 (decimal 8216)
   defining Unicode char U+2019 (decimal 8217)
   defining Unicode char U+201C (decimal 8220)
   defining Unicode char U+201D (decimal 8221)
)
Now handling font encoding OMS ...
... processing UTF-8 mapping file for font encoding OMS

("C:\Users\Vincenzo Caccavale\AppData\Local\Programs\MiKTeX 2.9\tex\latex\base\
omsenc.dfu"
File: omsenc.dfu 2017/01/28 v1.1t UTF-8 support for inputenc
   defining Unicode char U+00A7 (decimal 167)
   defining Unicode char U+00B6 (decimal 182)
   defining Unicode char U+00B7 (decimal 183)
   defining Unicode char U+2020 (decimal 8224)
   defining Unicode char U+2021 (decimal 8225)
   defining Unicode char U+2022 (decimal 8226)
)
Now handling font encoding OMX ...
... no UTF-8 mapping file for font encoding OMX
Now handling font encoding U ...
... no UTF-8 mapping file for font encoding U
   defining Unicode char U+00A9 (decimal 169)
   defining Unicode char U+00AA (decimal 170)
   defining Unicode char U+00AE (decimal 174)
   defining Unicode char U+00BA (decimal 186)
   defining Unicode char U+02C6 (decimal 710)
   defining Unicode char U+02DC (decimal 732)
   defining Unicode char U+200C (decimal 8204)
   defining Unicode char U+2026 (decimal 8230)
   defining Unicode char U+2122 (decimal 8482)
   defining Unicode char U+2423 (decimal 9251)
))
("C:\Users\Vincenzo Caccavale\AppData\Local\Programs\MiKTeX 2.9\tex\latex\amsma
th\amsmath.sty"
Package: amsmath 2016/11/05 v2.16a AMS math features
\@mathmargin=\skip43

For additional information on amsmath, use the `?' option.

("C:\Users\Vincenzo Caccavale\AppData\Local\Programs\MiKTeX 2.9\tex\latex\amsma
th\amstext.sty"
Package: amstext 2000/06/29 v2.01 AMS text

("C:\Users\Vincenzo Caccavale\AppData\Local\Programs\MiKTeX 2.9\tex\latex\amsma
th\amsgen.sty"
File: amsgen.sty 1999/11/30 v2.0 generic functions
\@emptytoks=\toks16
\ex@=\dimen104
))
("C:\Users\Vincenzo Caccavale\AppData\Local\Programs\MiKTeX 2.9\tex\latex\amsma
th\amsbsy.sty"
Package: amsbsy 1999/11/29 v1.2d Bold Symbols
\pmbraise@=\dimen105
)
("C:\Users\Vincenzo Caccavale\AppData\Local\Programs\MiKTeX 2.9\tex\latex\amsma
th\amsopn.sty"
Package: amsopn 2016/03/08 v2.02 operator names
)
\inf@bad=\count93
LaTeX Info: Redefining \frac on input line 213.
\uproot@=\count94
\leftroot@=\count95
LaTeX Info: Redefining \overline on input line 375.
\classnum@=\count96
\DOTSCASE@=\count97
LaTeX Info: Redefining \ldots on input line 472.
LaTeX Info: Redefining \dots on input line 475.
LaTeX Info: Redefining \cdots on input line 596.
\Mathstrutbox@=\box26
\strutbox@=\box27
\big@size=\dimen106
LaTeX Font Info:    Redeclaring font encoding OML on input line 712.
LaTeX Font Info:    Redeclaring font encoding OMS on input line 713.
\macc@depth=\count98
\c@MaxMatrixCols=\count99
\dotsspace@=\muskip10
\c@parentequation=\count100
\dspbrk@lvl=\count101
\tag@help=\toks17
\row@=\count102
\column@=\count103
\maxfields@=\count104
\andhelp@=\toks18
\eqnshift@=\dimen107
\alignsep@=\dimen108
\tagshift@=\dimen109
\tagwidth@=\dimen110
\totwidth@=\dimen111
\lineht@=\dimen112
\@envbody=\toks19
\multlinegap=\skip44
\multlinetaggap=\skip45
\mathdisplay@stack=\toks20
LaTeX Info: Redefining \[ on input line 2817.
LaTeX Info: Redefining \] on input line 2818.
)
("C:\Users\Vincenzo Caccavale\AppData\Local\Programs\MiKTeX 2.9\tex\latex\geome
try\geometry.sty"
Package: geometry 2010/09/12 v5.6 Page Geometry

("C:\Users\Vincenzo Caccavale\AppData\Local\Programs\MiKTeX 2.9\tex\latex\graph
ics\keyval.sty"
Package: keyval 2014/10/28 v1.15 key=value parser (DPC)
\KV@toks@=\toks21
)
("C:\Users\Vincenzo Caccavale\AppData\Local\Programs\MiKTeX 2.9\tex\generic\obe
rdiek\ifpdf.sty"
Package: ifpdf 2017/03/15 v3.2 Provides the ifpdf switch
)
("C:\Users\Vincenzo Caccavale\AppData\Local\Programs\MiKTeX 2.9\tex\generic\obe
rdiek\ifvtex.sty"
Package: ifvtex 2016/05/16 v1.6 Detect VTeX and its facilities (HO)
Package ifvtex Info: VTeX not detected.
)
("C:\Users\Vincenzo Caccavale\AppData\Local\Programs\MiKTeX 2.9\tex\generic\ifx
etex\ifxetex.sty"
Package: ifxetex 2010/09/12 v0.6 Provides ifxetex conditional
)
\Gm@cnth=\count105
\Gm@cntv=\count106
\c@Gm@tempcnt=\count107
\Gm@bindingoffset=\dimen113
\Gm@wd@mp=\dimen114
\Gm@odd@mp=\dimen115
\Gm@even@mp=\dimen116
\Gm@layoutwidth=\dimen117
\Gm@layoutheight=\dimen118
\Gm@layouthoffset=\dimen119
\Gm@layoutvoffset=\dimen120
\Gm@dimlist=\toks22

("C:\Users\Vincenzo Caccavale\AppData\Local\Programs\MiKTeX 2.9\tex\latex\geome
try\geometry.cfg"))
("C:\Users\Vincenzo Caccavale\AppData\Local\Programs\MiKTeX 2.9\tex\latex\amscl
s\amsthm.sty"
Package: amsthm 2015/03/04 v2.20.2
\thm@style=\toks23
\thm@bodyfont=\toks24
\thm@headfont=\toks25
\thm@notefont=\toks26
\thm@headpunct=\toks27
\thm@preskip=\skip46
\thm@postskip=\skip47
\thm@headsep=\skip48
\dth@everypar=\toks28
)
\c@thm=\count108

("C:\Users\Vincenzo Caccavale\AppData\Local\Programs\MiKTeX 2.9\tex\latex\amsfo
nts\amsfonts.sty"
Package: amsfonts 2013/01/14 v3.01 Basic AMSFonts support
\symAMSa=\mathgroup4
\symAMSb=\mathgroup5
LaTeX Font Info:    Overwriting math alphabet `\mathfrak' in version `bold'
(Font)                  U/euf/m/n --> U/euf/b/n on input line 106.
)
("C:\Users\Vincenzo Caccavale\AppData\Local\Programs\MiKTeX 2.9\tex\latex\amsfo
nts\amssymb.sty"
Package: amssymb 2013/01/14 v3.01 AMS font symbols
)
("C:\Users\Vincenzo Caccavale\AppData\Local\Programs\MiKTeX 2.9\tex\latex\graph
ics\graphicx.sty"
Package: graphicx 2014/10/28 v1.0g Enhanced LaTeX Graphics (DPC,SPQR)

("C:\Users\Vincenzo Caccavale\AppData\Local\Programs\MiKTeX 2.9\tex\latex\graph
ics\graphics.sty"
Package: graphics 2017/04/14 v1.1b Standard LaTeX Graphics (DPC,SPQR)

("C:\Users\Vincenzo Caccavale\AppData\Local\Programs\MiKTeX 2.9\tex\latex\graph
ics\trig.sty"
Package: trig 2016/01/03 v1.10 sin cos tan (DPC)
)
("C:\Users\Vincenzo Caccavale\AppData\Local\Programs\MiKTeX 2.9\tex\latex\graph
ics-cfg\graphics.cfg"
File: graphics.cfg 2016/06/04 v1.11 sample graphics configuration
)
Package graphics Info: Driver file: pdftex.def on input line 99.

("C:\Users\Vincenzo Caccavale\AppData\Local\Programs\MiKTeX 2.9\tex\latex\graph
ics-def\pdftex.def"
File: pdftex.def 2017/01/12 v0.06k Graphics/color for pdfTeX

("C:\Users\Vincenzo Caccavale\AppData\Local\Programs\MiKTeX 2.9\tex\generic\obe
rdiek\infwarerr.sty"
Package: infwarerr 2016/05/16 v1.4 Providing info/warning/error messages (HO)
)
("C:\Users\Vincenzo Caccavale\AppData\Local\Programs\MiKTeX 2.9\tex\generic\obe
rdiek\ltxcmds.sty"
Package: ltxcmds 2016/05/16 v1.23 LaTeX kernel commands for general use (HO)
)
\Gread@gobject=\count109
))
\Gin@req@height=\dimen121
\Gin@req@width=\dimen122
)
("C:\Users\Vincenzo Caccavale\AppData\Local\Programs\MiKTeX 2.9\tex\latex\eso-p
ic\eso-pic.sty"
Package: eso-pic 2015/07/21 v2.0g eso-pic (RN)

("C:\Users\Vincenzo Caccavale\AppData\Local\Programs\MiKTeX 2.9\tex\generic\obe
rdiek\atbegshi.sty"
Package: atbegshi 2016/06/09 v1.18 At begin shipout hook (HO)
)
("C:\Users\Vincenzo Caccavale\AppData\Local\Programs\MiKTeX 2.9\tex\latex\xcolo
r\xcolor.sty"
Package: xcolor 2016/05/11 v2.12 LaTeX color extensions (UK)

("C:\Users\Vincenzo Caccavale\AppData\Local\Programs\MiKTeX 2.9\tex\latex\graph
ics-cfg\color.cfg"
File: color.cfg 2016/01/02 v1.6 sample color configuration
)
Package xcolor Info: Driver file: pdftex.def on input line 225.
Package xcolor Info: Model `cmy' substituted by `cmy0' on input line 1348.
Package xcolor Info: Model `hsb' substituted by `rgb' on input line 1352.
Package xcolor Info: Model `RGB' extended on input line 1364.
Package xcolor Info: Model `HTML' substituted by `rgb' on input line 1366.
Package xcolor Info: Model `Hsb' substituted by `hsb' on input line 1367.
Package xcolor Info: Model `tHsb' substituted by `hsb' on input line 1368.
Package xcolor Info: Model `HSB' substituted by `hsb' on input line 1369.
Package xcolor Info: Model `Gray' substituted by `gray' on input line 1370.
Package xcolor Info: Model `wave' substituted by `hsb' on input line 1371.
))
("C:\Users\Vincenzo Caccavale\AppData\Local\Programs\MiKTeX 2.9\tex\latex\setsp
ace\setspace.sty"
Package: setspace 2011/12/19 v6.7a set line spacing
)
("C:\Users\Vincenzo Caccavale\AppData\Local\Programs\MiKTeX 2.9\tex\latex\fancy
hdr\fancyhdr.sty"
Package: fancyhdr 2016/09/06 3.8 Extensive control of page headers and footers
\fancy@headwidth=\skip49
\f@ncyO@elh=\skip50
\f@ncyO@erh=\skip51
\f@ncyO@olh=\skip52
\f@ncyO@orh=\skip53
\f@ncyO@elf=\skip54
\f@ncyO@erf=\skip55
\f@ncyO@olf=\skip56
\f@ncyO@orf=\skip57
)
("C:\Users\Vincenzo Caccavale\AppData\Local\Programs\MiKTeX 2.9\tex\latex\tools
\afterpage.sty"
Package: afterpage 2014/10/28 v1.08 After-Page Package (DPC)
\AP@output=\toks29
\AP@partial=\box28
\AP@footins=\box29
) ("TESI NON CANCELLARE.aux"

LaTeX Warning: Label `eqn:competitivo' multiply defined.

)
\openout1 = `"TESI NON CANCELLARE.aux"'.

LaTeX Font Info:    Checking defaults for OML/cmm/m/it on input line 61.
LaTeX Font Info:    ... okay on input line 61.
LaTeX Font Info:    Checking defaults for T1/cmr/m/n on input line 61.
LaTeX Font Info:    ... okay on input line 61.
LaTeX Font Info:    Checking defaults for OT1/cmr/m/n on input line 61.
LaTeX Font Info:    ... okay on input line 61.
LaTeX Font Info:    Checking defaults for OMS/cmsy/m/n on input line 61.
LaTeX Font Info:    ... okay on input line 61.
LaTeX Font Info:    Checking defaults for OMX/cmex/m/n on input line 61.
LaTeX Font Info:    ... okay on input line 61.
LaTeX Font Info:    Checking defaults for U/cmr/m/n on input line 61.
LaTeX Font Info:    ... okay on input line 61.
LaTeX Info: Redefining \it@ocap on input line 61.
LaTeX Info: Redefining \it@ccap on input line 61.


File italian.ldf warning: 
italian.ldf    With OT1 encoding guillemets are poorly faked
italian.ldf    Use T1 encoding
italian.ldf    or specify a font with command \CaporaliFrom
italian.ldf    See the documentation concerning the babel-italian typesetting 
italian.ldf    on input line 61.

*geometry* driver: auto-detecting
*geometry* detected driver: pdftex
*geometry* verbose mode - [ preamble ] result:
* driver: pdftex
* paper: a4paper
* layout: <same size as paper>
* layoutoffset:(h,v)=(0.0pt,0.0pt)
* modes: 
* h-part:(L,W,R)=(89.62709pt, 418.25368pt, 89.6271pt)
* v-part:(T,H,B)=(101.40665pt, 591.5302pt, 152.11pt)
* \paperwidth=597.50787pt
* \paperheight=845.04684pt
* \textwidth=418.25368pt
* \textheight=591.5302pt
* \oddsidemargin=17.3571pt
* \evensidemargin=17.3571pt
* \topmargin=-2.73714pt
* \headheight=12.0pt
* \headsep=19.8738pt
* \topskip=12.0pt
* \footskip=30.0pt
* \marginparwidth=38.0pt
* \marginparsep=7.0pt
* \columnsep=10.0pt
* \skip\footins=10.8pt plus 4.0pt minus 2.0pt
* \hoffset=0.0pt
* \voffset=0.0pt
* \mag=1000
* \@twocolumnfalse
* \@twosidefalse
* \@mparswitchfalse
* \@reversemarginfalse
* (1in=72.27pt=25.4mm, 1cm=28.453pt)


("C:\Users\Vincenzo Caccavale\AppData\Local\Programs\MiKTeX 2.9\tex\context\bas
e\supp-pdf.mkii"
[Loading MPS to PDF converter (version 2006.09.02).]
\scratchcounter=\count110
\scratchdimen=\dimen123
\scratchbox=\box30
\nofMPsegments=\count111
\nofMParguments=\count112
\everyMPshowfont=\toks30
\MPscratchCnt=\count113
\MPscratchDim=\dimen124
\MPnumerator=\count114
\makeMPintoPDFobject=\count115
\everyMPtoPDFconversion=\toks31
)
("C:\Users\Vincenzo Caccavale\AppData\Local\Programs\MiKTeX 2.9\tex\generic\obe
rdiek\pdftexcmds.sty"
Package: pdftexcmds 2017/03/19 v0.25 Utility functions of pdfTeX for LuaTeX (HO
)

("C:\Users\Vincenzo Caccavale\AppData\Local\Programs\MiKTeX 2.9\tex\generic\obe
rdiek\ifluatex.sty"
Package: ifluatex 2016/05/16 v1.4 Provides the ifluatex switch (HO)
Package ifluatex Info: LuaTeX not detected.
)
Package pdftexcmds Info: LuaTeX not detected.
Package pdftexcmds Info: \pdf@primitive is available.
Package pdftexcmds Info: \pdf@ifprimitive is available.
Package pdftexcmds Info: \pdfdraftmode found.
)
("C:\Users\Vincenzo Caccavale\AppData\Local\Programs\MiKTeX 2.9\tex\latex\oberd
iek\epstopdf-base.sty"
Package: epstopdf-base 2016/05/15 v2.6 Base part for package epstopdf

("C:\Users\Vincenzo Caccavale\AppData\Local\Programs\MiKTeX 2.9\tex\latex\oberd
iek\grfext.sty"
Package: grfext 2016/05/16 v1.2 Manage graphics extensions (HO)

("C:\Users\Vincenzo Caccavale\AppData\Local\Programs\MiKTeX 2.9\tex\generic\obe
rdiek\kvdefinekeys.sty"
Package: kvdefinekeys 2016/05/16 v1.4 Define keys (HO)
))
("C:\Users\Vincenzo Caccavale\AppData\Local\Programs\MiKTeX 2.9\tex\latex\oberd
iek\kvoptions.sty"
Package: kvoptions 2016/05/16 v3.12 Key value format for package options (HO)

("C:\Users\Vincenzo Caccavale\AppData\Local\Programs\MiKTeX 2.9\tex\generic\obe
rdiek\kvsetkeys.sty"
Package: kvsetkeys 2016/05/16 v1.17 Key value parser (HO)

("C:\Users\Vincenzo Caccavale\AppData\Local\Programs\MiKTeX 2.9\tex\generic\obe
rdiek\etexcmds.sty"
Package: etexcmds 2016/05/16 v1.6 Avoid name clashes with e-TeX commands (HO)
Package etexcmds Info: Could not find \expanded.
(etexcmds)             That can mean that you are not using pdfTeX 1.50 or
(etexcmds)             that some package has redefined \expanded.
(etexcmds)             In the latter case, load this package earlier.
)))
Package epstopdf-base Info: Redefining graphics rule for `.eps' on input line 4
38.
Package grfext Info: Graphics extension search list:
(grfext)             [.png,.pdf,.jpg,.mps,.jpeg,.jbig2,.jb2,.PNG,.PDF,.JPG,.JPE
G,.JBIG2,.JB2,.eps]
(grfext)             \AppendGraphicsExtensions on input line 456.
)
\AtBeginShipoutBox=\box31
 [1

] [2{C:/Users/Vincenzo Caccavale/AppData/Local/MiKTeX/2.9/pdftex/config/pdftex.
map}] [3] ("TESI NON CANCELLARE.toc"
LaTeX Font Info:    Try loading font information for U+msa on input line 6.

("C:\Users\Vincenzo Caccavale\AppData\Local\Programs\MiKTeX 2.9\tex\latex\amsfo
nts\umsa.fd"
File: umsa.fd 2013/01/14 v3.01 AMS symbols A
)
LaTeX Font Info:    Try loading font information for U+msb on input line 6.

("C:\Users\Vincenzo Caccavale\AppData\Local\Programs\MiKTeX 2.9\tex\latex\amsfo
nts\umsb.fd"
File: umsb.fd 2013/01/14 v3.01 AMS symbols B
) [4


])
\tf@toc=\write3
\openout3 = `"TESI NON CANCELLARE.toc"'.

 [5]
*geometry* verbose mode - [ newgeometry ] result:
* driver: pdftex
* paper: a4paper
* layout: <same size as paper>
* layoutoffset:(h,v)=(0.0pt,0.0pt)
* modes: 
* h-part:(L,W,R)=(89.62709pt, 418.25368pt, 89.6271pt)
* v-part:(T,H,B)=(85.35826pt, 658.28194pt, 101.40665pt)
* \paperwidth=597.50787pt
* \paperheight=845.04684pt
* \textwidth=418.25368pt
* \textheight=658.28194pt
* \oddsidemargin=17.3571pt
* \evensidemargin=17.3571pt
* \topmargin=-18.78552pt
* \headheight=12.0pt
* \headsep=19.8738pt
* \topskip=12.0pt
* \footskip=30.0pt
* \marginparwidth=38.0pt
* \marginparsep=7.0pt
* \columnsep=10.0pt
* \skip\footins=10.8pt plus 4.0pt minus 2.0pt
* \hoffset=0.0pt
* \voffset=0.0pt
* \mag=1000
* \@twocolumnfalse
* \@twosidefalse
* \@mparswitchfalse
* \@reversemarginfalse
* (1in=72.27pt=25.4mm, 1cm=28.453pt)

 [6


]
Capitolo 1.

Underfull \hbox (badness 10000) in paragraph at lines 119--121

 []


Underfull \hbox (badness 10000) in paragraph at lines 122--124

 []


Underfull \hbox (badness 10000) in paragraph at lines 125--127

 []

[7


]

Package Fancyhdr Warning: \headheight is too small (12.0pt): 
 Make it at least 14.49998pt.
 We now make it that large for the rest of the document.
 This may cause the page layout to be inconsistent, however.

[8] <IMMAGINI/esempioiniziale.jpg, id=32, 327.2225pt x 207.77625pt>
File: IMMAGINI/esempioiniziale.jpg Graphic file (type jpg)

<use IMMAGINI/esempioiniziale.jpg>
Package pdftex.def Info: IMMAGINI/esempioiniziale.jpg used on input line 148.
(pdftex.def)             Requested size: 209.12683pt x 132.78928pt.
 [9 <./IMMAGINI/esempioiniziale.jpg>]
LaTeX Font Info:    Try loading font information for OMS+cmr on input line 160.


("C:\Users\Vincenzo Caccavale\AppData\Local\Programs\MiKTeX 2.9\tex\latex\base\
omscmr.fd"
File: omscmr.fd 2014/09/29 v2.5h Standard LaTeX font definitions
)
LaTeX Font Info:    Font shape `OMS/cmr/m/n' in size <12> not available
(Font)              Font shape `OMS/cmsy/m/n' tried instead on input line 160.
 [10] <IMMAGINI/Sistemanervoso.png, id=40, 373.395pt x 137.7647pt>
File: IMMAGINI/Sistemanervoso.png Graphic file (type png)

<use IMMAGINI/Sistemanervoso.png>
Package pdftex.def Info: IMMAGINI/Sistemanervoso.png used on input line 187.
(pdftex.def)             Requested size: 250.95476pt x 92.58984pt.

Underfull \hbox (badness 10000) in paragraph at lines 199--203

 []

[11 <./IMMAGINI/Sistemanervoso.png>]
<IMMAGINI/neuron.png, id=46, 520.94624pt x 285.31593pt>
File: IMMAGINI/neuron.png Graphic file (type png)

<use IMMAGINI/neuron.png>
Package pdftex.def Info: IMMAGINI/neuron.png used on input line 206.
(pdftex.def)             Requested size: 292.77629pt x 160.3505pt.

Underfull \hbox (badness 10000) in paragraph at lines 211--212

 []

[12 <./IMMAGINI/neuron.png>]
<IMMAGINI/palla1.png, id=54, 384.6872pt x 222.07968pt>
File: IMMAGINI/palla1.png Graphic file (type png)

<use IMMAGINI/palla1.png>
Package pdftex.def Info: IMMAGINI/palla1.png used on input line 223.
(pdftex.def)             Requested size: 292.77629pt x 169.02968pt.
 [13 <./IMMAGINI/palla1.png>]
<IMMAGINI/palla2.png, id=61, 511.9125pt x 227.34938pt>
File: IMMAGINI/palla2.png Graphic file (type png)

<use IMMAGINI/palla2.png>
Package pdftex.def Info: IMMAGINI/palla2.png used on input line 240.
(pdftex.def)             Requested size: 334.60422pt x 148.60445pt.
 [14

 <./IMMAGINI/palla2.png>]
<IMMAGINI/palla3.png, id=66, 547.2947pt x 271.0125pt>
File: IMMAGINI/palla3.png Graphic file (type png)

<use IMMAGINI/palla3.png>
Package pdftex.def Info: IMMAGINI/palla3.png used on input line 272.
(pdftex.def)             Requested size: 418.25368pt x 207.11711pt.
 [15

 <./IMMAGINI/palla3.png>] [16]
<IMMAGINI/asoglia.png, id=74, 392.96812pt x 129.48375pt>
File: IMMAGINI/asoglia.png Graphic file (type png)

<use IMMAGINI/asoglia.png>
Package pdftex.def Info: IMMAGINI/asoglia.png used on input line 338.
(pdftex.def)             Requested size: 397.3397pt x 130.93361pt.


LaTeX Warning: Command \textendash invalid in math mode on input line 343.

[17

 <./IMMAGINI/asoglia.png>]
<"IMMAGINI/lineare e lineare a tratti".png, id=79, 436.63126pt x 112.92188pt>
File: "IMMAGINI/lineare e lineare a tratti".png Graphic file (type png)

<use "IMMAGINI/lineare e lineare a tratti".png>
Package pdftex.def Info: "IMMAGINI/lineare e lineare a tratti".png used on inpu
t line 387.
(pdftex.def)             Requested size: 418.25368pt x 108.16942pt.

Underfull \hbox (badness 10000) in paragraph at lines 404--405

 []

[18

 <./IMMAGINI/lineare e lineare a tratti.png>]
<IMMAGINI/sigmoide.png, id=85, 310.91156pt x 189.70876pt>
File: IMMAGINI/sigmoide.png Graphic file (type png)

<use IMMAGINI/sigmoide.png>
Package pdftex.def Info: IMMAGINI/sigmoide.png used on input line 409.
(pdftex.def)             Requested size: 250.95476pt x 153.12482pt.

Underfull \hbox (badness 10000) in paragraph at lines 426--428

 []

<IMMAGINI/diagrammareti.png, id=86, 487.8225pt x 176.15813pt>
File: IMMAGINI/diagrammareti.png Graphic file (type png)

<use IMMAGINI/diagrammareti.png>
Package pdftex.def Info: IMMAGINI/diagrammareti.png used on input line 431.
(pdftex.def)             Requested size: 313.69025pt x 113.2784pt.


LaTeX Warning: `h' float specifier changed to `ht'.

<IMMAGINI/completamenteconnesssa.png, id=87, 280.79906pt x 203.25937pt>
File: IMMAGINI/completamenteconnesssa.png Graphic file (type png)

<use IMMAGINI/completamenteconnesssa.png>
Package pdftex.def Info: IMMAGINI/completamenteconnesssa.png used on input line
 441.
(pdftex.def)             Requested size: 209.12683pt x 151.37723pt.


LaTeX Warning: `!h' float specifier changed to `!ht'.

[19

 <./IMMAGINI/sigmoide.png>] [20 <./IMMAGINI/diagrammareti.png> <./IMMAGINI/comp
letamenteconnesssa.png>]
<IMMAGINI/unostrato.png, id=98, 634.62094pt x 253.69781pt>
File: IMMAGINI/unostrato.png Graphic file (type png)

<use IMMAGINI/unostrato.png>
Package pdftex.def Info: IMMAGINI/unostrato.png used on input line 456.
(pdftex.def)             Requested size: 397.3397pt x 158.8472pt.
 [21 <./IMMAGINI/unostrato.png>]
Capitolo 2.

Underfull \hbox (badness 10000) in paragraph at lines 481--482

 []

[22

]
Underfull \hbox (badness 10000) in paragraph at lines 491--492

 []


Underfull \hbox (badness 10000) in paragraph at lines 505--507

 []

[23] <IMMAGINI/supervisionato.png, id=109, 546.54187pt x 248.42813pt>
File: IMMAGINI/supervisionato.png Graphic file (type png)

<use IMMAGINI/supervisionato.png>
Package pdftex.def Info: IMMAGINI/supervisionato.png used on input line 510.
(pdftex.def)             Requested size: 334.60422pt x 152.09438pt.

Underfull \hbox (badness 10000) in paragraph at lines 515--516

 []


Underfull \hbox (badness 10000) in paragraph at lines 517--518

 []

<IMMAGINI/nonsupervisionato.png, id=110, 511.15968pt x 149.8097pt>
File: IMMAGINI/nonsupervisionato.png Graphic file (type png)

<use IMMAGINI/nonsupervisionato.png>
Package pdftex.def Info: IMMAGINI/nonsupervisionato.png used on input line 521.

(pdftex.def)             Requested size: 292.77629pt x 85.80615pt.

Underfull \hbox (badness 10000) in paragraph at lines 531--532

 []

[24 <./IMMAGINI/supervisionato.png> <./IMMAGINI/nonsupervisionato.png>]
Underfull \hbox (badness 10000) in paragraph at lines 552--554

 []

[25]
Underfull \hbox (badness 10000) in paragraph at lines 571--572

 []

<"IMMAGINI/errore".png, id=120, 501.37312pt x 159.59625pt>
File: "IMMAGINI/errore".png Graphic file (type png)

<use "IMMAGINI/errore".png>
Package pdftex.def Info: "IMMAGINI/errore".png used on input line 575.
(pdftex.def)             Requested size: 334.60422pt x 106.51492pt.

<IMMAGINI/gradiente.png, id=121, 347.04657pt x 170.88844pt>
File: IMMAGINI/gradiente.png Graphic file (type png)

<use IMMAGINI/gradiente.png>
Package pdftex.def Info: IMMAGINI/gradiente.png used on input line 590.
(pdftex.def)             Requested size: 334.60422pt x 164.7681pt.


LaTeX Warning: `h' float specifier changed to `ht'.


Underfull \hbox (badness 10000) in paragraph at lines 595--596

 []

[26 <./IMMAGINI/errore.png>] [27 <./IMMAGINI/gradiente.png>] [28]
Underfull \hbox (badness 10000) in paragraph at lines 677--678

 []

[29] <IMMAGINI/competitivo.png, id=137, 201.75375pt x 180.675pt>
File: IMMAGINI/competitivo.png Graphic file (type png)

<use IMMAGINI/competitivo.png>
Package pdftex.def Info: IMMAGINI/competitivo.png used on input line 696.
(pdftex.def)             Requested size: 167.2989pt x 149.8196pt.

Underfull \hbox (badness 10000) in paragraph at lines 731--732

 []

[30

 <./IMMAGINI/competitivo.png>]
Underfull \hbox (badness 10000) in paragraph at lines 735--737

 []


Underfull \hbox (badness 10000) in paragraph at lines 749--751

 []

[31] <IMMAGINI/classificazione.png, id=146, 405.76593pt x 201.00093pt>
File: IMMAGINI/classificazione.png Graphic file (type png)

<use IMMAGINI/classificazione.png>
Package pdftex.def Info: IMMAGINI/classificazione.png used on input line 760.
(pdftex.def)             Requested size: 334.60422pt x 165.7542pt.

Underfull \hbox (badness 10000) in paragraph at lines 765--766

 []


Underfull \hbox (badness 10000) in paragraph at lines 769--770

 []

[32 <./IMMAGINI/classificazione.png>]
<IMMAGINI/perceptron.png, id=150, 498.36188pt x 250.68657pt>
File: IMMAGINI/perceptron.png Graphic file (type png)

<use IMMAGINI/perceptron.png>
Package pdftex.def Info: IMMAGINI/perceptron.png used on input line 782.
(pdftex.def)             Requested size: 355.51817pt x 178.83788pt.
 [33 <./IMMAGINI/perceptron.png>] [34

]
<IMMAGINI/rettapercettrone.png, id=159, 720.44156pt x 443.40656pt>
File: IMMAGINI/rettapercettrone.png Graphic file (type png)

<use IMMAGINI/rettapercettrone.png>
Package pdftex.def Info: IMMAGINI/rettapercettrone.png used on input line 836.
(pdftex.def)             Requested size: 376.42575pt x 231.67557pt.
 [35

 <./IMMAGINI/rettapercettrone.png>]
Capitolo 3.
<IMMAGINI/riconoscimento.png, id=164, 463.7325pt x 287.57437pt>
File: IMMAGINI/riconoscimento.png Graphic file (type png)

<use IMMAGINI/riconoscimento.png>
Package pdftex.def Info: IMMAGINI/riconoscimento.png used on input line 875.
(pdftex.def)             Requested size: 230.04079pt x 142.65471pt.


LaTeX Warning: `h' float specifier changed to `ht'.


Underfull \hbox (badness 10000) in paragraph at lines 883--884

 []

[36

] <IMMAGINI/hopfield.png, id=168, 590.205pt x 322.20375pt>
File: IMMAGINI/hopfield.png Graphic file (type png)

<use IMMAGINI/hopfield.png>
Package pdftex.def Info: IMMAGINI/hopfield.png used on input line 887.
(pdftex.def)             Requested size: 376.42575pt x 205.50172pt.
 [37 <./IMMAGINI/riconoscimento.png> <./IMMAGINI/hopfield.png>] [38] [39] [40] 
[41]
<IMMAGINI/casodiscreto.png, id=186, 473.51906pt x 146.04562pt>
File: IMMAGINI/casodiscreto.png Graphic file (type png)

<use IMMAGINI/casodiscreto.png>
Package pdftex.def Info: IMMAGINI/casodiscreto.png used on input line 1020.
(pdftex.def)             Requested size: 418.25368pt x 129.0041pt.
 [42 <./IMMAGINI/casodiscreto.png>]
Underfull \hbox (badness 10000) in paragraph at lines 1048--1049

 []

[43]
Underfull \hbox (badness 10000) in paragraph at lines 1075--1076

 []

[44] [45

] [46]
Underfull \hbox (badness 1565) in paragraph at lines 1165--1166
[]\OT1/cmr/m/n/12 Prof. Bi-ce-go Ma-nue-le, \OT1/cmr/m/it/12 Ri-co-no-sci-men-t
o e re-cu-pe-ro del-l'in-for-ma-zio-ne per
 []

[47

] [48

] [49] [50] ("TESI NON CANCELLARE.aux")

LaTeX Warning: There were multiply-defined labels.

 ) 
Here is how much of TeX's memory you used:
 5092 strings out of 493328
 70954 string characters out of 3124429
 162788 words of memory out of 3000000
 8491 multiletter control sequences out of 15000+200000
 11115 words of font info for 41 fonts, out of 3000000 for 9000
 1141 hyphenation exceptions out of 8191
 39i,12n,43p,1382b,317s stack positions out of 5000i,500n,10000p,200000b,50000s
<C:/Users/Vincenzo Caccavale/AppData/Local/Programs/MiKTeX 2.9/fonts/type1/pu
blic/amsfonts/cm/cmbx12.pfb><C:/Users/Vincenzo Caccavale/AppData/Local/Programs
/MiKTeX 2.9/fonts/type1/public/amsfonts/cm/cmbxti10.pfb><C:/Users/Vincenzo Cacc
avale/AppData/Local/Programs/MiKTeX 2.9/fonts/type1/public/amsfonts/cm/cmex10.p
fb><C:/Users/Vincenzo Caccavale/AppData/Local/Programs/MiKTeX 2.9/fonts/type1/p
ublic/amsfonts/cm/cmmi12.pfb><C:/Users/Vincenzo Caccavale/AppData/Local/Program
s/MiKTeX 2.9/fonts/type1/public/amsfonts/cm/cmmi6.pfb><C:/Users/Vincenzo Caccav
ale/AppData/Local/Programs/MiKTeX 2.9/fonts/type1/public/amsfonts/cm/cmmi8.pfb>
<C:/Users/Vincenzo Caccavale/AppData/Local/Programs/MiKTeX 2.9/fonts/type1/publ
ic/amsfonts/cm/cmr12.pfb><C:/Users/Vincenzo Caccavale/AppData/Local/Programs/Mi
KTeX 2.9/fonts/type1/public/amsfonts/cm/cmr6.pfb><C:/Users/Vincenzo Caccavale/A
ppData/Local/Programs/MiKTeX 2.9/fonts/type1/public/amsfonts/cm/cmr8.pfb><C:/Us
ers/Vincenzo Caccavale/AppData/Local/Programs/MiKTeX 2.9/fonts/type1/public/ams
fonts/cm/cmsy10.pfb><C:/Users/Vincenzo Caccavale/AppData/Local/Programs/MiKTeX 
2.9/fonts/type1/public/amsfonts/cm/cmsy6.pfb><C:/Users/Vincenzo Caccavale/AppDa
ta/Local/Programs/MiKTeX 2.9/fonts/type1/public/amsfonts/cm/cmsy8.pfb><C:/Users
/Vincenzo Caccavale/AppData/Local/Programs/MiKTeX 2.9/fonts/type1/public/amsfon
ts/cm/cmti12.pfb><C:/Users/Vincenzo Caccavale/AppData/Local/Programs/MiKTeX 2.9
/fonts/type1/public/amsfonts/symbols/msam10.pfb>
Output written on "TESI NON CANCELLARE.pdf" (50 pages, 516872 bytes).
PDF statistics:
 264 PDF objects out of 1000 (max. 8388607)
 0 named destinations out of 1000 (max. 500000)
 116 words of extra memory for PDF output out of 10000 (max. 10000000)

